0 info it worked if it ends with ok
1 verbose cli [ '/home/daniel/.nvm/versions/node/v7.4.0/bin/node',
1 verbose cli   '/home/daniel/.nvm/versions/node/v7.4.0/bin/npm',
1 verbose cli   'start' ]
2 info using npm@4.0.5
3 info using node@v7.4.0
4 verbose run-script [ 'prestart', 'start', 'poststart' ]
5 info lifecycle my-retail@0.0.1~prestart: my-retail@0.0.1
6 silly lifecycle my-retail@0.0.1~prestart: no script for prestart, continuing
7 info lifecycle my-retail@0.0.1~start: my-retail@0.0.1
8 verbose lifecycle my-retail@0.0.1~start: unsafe-perm in lifecycle true
9 verbose lifecycle my-retail@0.0.1~start: PATH: /home/daniel/.nvm/versions/node/v7.4.0/lib/node_modules/npm/bin/node-gyp-bin:/home/daniel/projects/target/my-retail/node_modules/.bin:/home/daniel/.nvm/versions/node/v7.4.0/bin:./node_modules/.bin:/usr/local/sbin:/usr/local/bin:/usr/sbin:/usr/bin:/sbin:/bin:/usr/games:/usr/local/games:/snap/bin:/snap/bin
10 verbose lifecycle my-retail@0.0.1~start: CWD: /home/daniel/projects/target/my-retail
11 silly lifecycle my-retail@0.0.1~start: Args: [ '-c', 'NODE_ENV=server node server.js' ]
12 silly lifecycle my-retail@0.0.1~start: Returned: code: 1  signal: null
13 info lifecycle my-retail@0.0.1~start: Failed to exec start script
14 verbose stack Error: my-retail@0.0.1 start: `NODE_ENV=server node server.js`
14 verbose stack Exit status 1
14 verbose stack     at EventEmitter.<anonymous> (/home/daniel/.nvm/versions/node/v7.4.0/lib/node_modules/npm/lib/utils/lifecycle.js:279:16)
14 verbose stack     at emitTwo (events.js:106:13)
14 verbose stack     at EventEmitter.emit (events.js:191:7)
14 verbose stack     at ChildProcess.<anonymous> (/home/daniel/.nvm/versions/node/v7.4.0/lib/node_modules/npm/lib/utils/spawn.js:40:14)
14 verbose stack     at emitTwo (events.js:106:13)
14 verbose stack     at ChildProcess.emit (events.js:191:7)
14 verbose stack     at maybeClose (internal/child_process.js:885:16)
14 verbose stack     at Process.ChildProcess._handle.onexit (internal/child_process.js:226:5)
15 verbose pkgid my-retail@0.0.1
16 verbose cwd /home/daniel/projects/target/my-retail
17 error Linux 4.4.0-59-generic
18 error argv "/home/daniel/.nvm/versions/node/v7.4.0/bin/node" "/home/daniel/.nvm/versions/node/v7.4.0/bin/npm" "start"
19 error node v7.4.0
20 error npm  v4.0.5
21 error code ELIFECYCLE
22 error my-retail@0.0.1 start: `NODE_ENV=server node server.js`
22 error Exit status 1
23 error Failed at the my-retail@0.0.1 start script 'NODE_ENV=server node server.js'.
23 error Make sure you have the latest version of node.js and npm installed.
23 error If you do, this is most likely a problem with the my-retail package,
23 error not with npm itself.
23 error Tell the author that this fails on your system:
23 error     NODE_ENV=server node server.js
23 error You can get information on how to open an issue for this project with:
23 error     npm bugs my-retail
23 error Or if that isn't available, you can get their info via:
23 error     npm owner ls my-retail
23 error There is likely additional logging output above.
24 verbose exit [ 1, true ]
